<?xml version="1.0" encoding="UTF-8"?>
<!-- Generated by org.testng.reporters.JUnitReportReporter -->
<testsuite hostname="AjayNamala" failures="0" tests="6" name="Tests.test" time="75.042" errors="0" timestamp="2025-08-18T19:50:17 IST" skipped="1">
  <testcase classname="Tests.test" name="ABC4" time="6.563"/>
  <system-out/>
  <testcase classname="Tests.test" name="ABC1" time="13.679">
    <skipped/>
  </testcase> <!-- ABC1 -->
  <system-out/>
  <testcase classname="Tests.test" name="ABC1" time="11.795"/>
  <system-out/>
  <testcase classname="Tests.test" name="ABC2" time="12.928"/>
  <system-out/>
  <testcase classname="Tests.test" name="ABC3" time="16.350"/>
  <system-out/>
  <testcase classname="Tests.test" name="ABC5" time="13.727"/>
  <system-out/>
</testsuite> <!-- Tests.test -->
